Started GET "/" for 127.0.0.1 at 2018-07-09 19:46:08 -0700
Processing by Rails::WelcomeController#index as HTML
  Rendering C:/RailsInstaller/Ruby2.3.3/lib/ruby/gems/2.3.0/gems/railties-5.1.6/lib/rails/templates/rails/welcome/index.html.erb
  Rendered C:/RailsInstaller/Ruby2.3.3/lib/ruby/gems/2.3.0/gems/railties-5.1.6/lib/rails/templates/rails/welcome/index.html.erb (17.4ms)
Completed 200 OK in 726ms (Views: 105.7ms)


Started GET "/" for 127.0.0.1 at 2018-07-09 19:46:18 -0700
Processing by Rails::WelcomeController#index as HTML
  Rendering C:/RailsInstaller/Ruby2.3.3/lib/ruby/gems/2.3.0/gems/railties-5.1.6/lib/rails/templates/rails/welcome/index.html.erb
  Rendered C:/RailsInstaller/Ruby2.3.3/lib/ruby/gems/2.3.0/gems/railties-5.1.6/lib/rails/templates/rails/welcome/index.html.erb (3.0ms)
Completed 200 OK in 79ms (Views: 48.7ms)


Started GET "/favicon.ico" for 127.0.0.1 at 2018-07-09 19:46:19 -0700
  
ActionController::RoutingError (No route matches [GET] "/favicon.ico"):
  
actionpack (5.1.6) lib/action_dispatch/middleware/debug_exceptions.rb:63:in `call'
actionpack (5.1.6) lib/action_dispatch/middleware/show_exceptions.rb:31:in `call'
railties (5.1.6) lib/rails/rack/logger.rb:36:in `call_app'
railties (5.1.6) lib/rails/rack/logger.rb:24:in `block in call'
activesupport (5.1.6) lib/active_support/tagged_logging.rb:69:in `block in tagged'
activesupport (5.1.6) lib/active_support/tagged_logging.rb:26:in `tagged'
activesupport (5.1.6) lib/active_support/tagged_logging.rb:69:in `tagged'
railties (5.1.6) lib/rails/rack/logger.rb:24:in `call'
actionpack (5.1.6) lib/action_dispatch/middleware/remote_ip.rb:79:in `call'
actionpack (5.1.6) lib/action_dispatch/middleware/request_id.rb:25:in `call'
rack (2.0.5) lib/rack/runtime.rb:22:in `call'
activesupport (5.1.6) lib/active_support/cache/strategy/local_cache_middleware.rb:27:in `call'
actionpack (5.1.6) lib/action_dispatch/middleware/executor.rb:12:in `call'
actionpack (5.1.6) lib/action_dispatch/middleware/static.rb:125:in `call'
rack (2.0.5) lib/rack/sendfile.rb:111:in `call'
railties (5.1.6) lib/rails/engine.rb:522:in `call'
puma (3.11.4) lib/puma/configuration.rb:225:in `call'
puma (3.11.4) lib/puma/server.rb:632:in `handle_request'
puma (3.11.4) lib/puma/server.rb:446:in `process_client'
puma (3.11.4) lib/puma/server.rb:306:in `block in run'
puma (3.11.4) lib/puma/thread_pool.rb:120:in `block in spawn_thread'
  [1m[35m (108.7ms)[0m  [1m[35mCREATE TABLE "schema_migrations" ("version" character varying NOT NULL PRIMARY KEY)[0m
  [1m[35m (98.7ms)[0m  [1m[35mCREATE TABLE "ar_internal_metadata" ("key" character varying NOT NULL PRIMARY KEY, "value" character varying, "created_at" timestamp NOT NULL, "updated_at" timestamp NOT NULL)[0m
  [1m[35m (0.0ms)[0m  [1m[34mSELECT pg_try_advisory_lock(4475467841591330430)[0m
  [1m[35m (1.0ms)[0m  [1m[34mSELECT "schema_migrations"."version" FROM "schema_migrations" ORDER BY "schema_migrations"."version" ASC[0m
Migrating to CreateTransactions (20180710030526)
  [1m[35m (1.0ms)[0m  [1m[35mBEGIN[0m
  [1m[35m (66.8ms)[0m  [1m[35mCREATE TABLE "transactions" ("id" bigserial primary key, "amount" float, "date" character varying, "created_at" timestamp NOT NULL, "updated_at" timestamp NOT NULL)[0m
  [1m[35mSQL (1.0ms)[0m  [1m[32mINSERT INTO "schema_migrations" ("version") VALUES ($1) RETURNING "version"[0m  [["version", "20180710030526"]]
  [1m[35m (1.0ms)[0m  [1m[35mCOMMIT[0m
  [1m[36mActiveRecord::InternalMetadata Load (0.0ms)[0m  [1m[34mSELECT  "ar_internal_metadata".* FROM "ar_internal_metadata" WHERE "ar_internal_metadata"."key" = $1 LIMIT $2[0m  [["key", "environment"], ["LIMIT", 1]]
  [1m[35m (0.0ms)[0m  [1m[35mBEGIN[0m
  [1m[35mSQL (1.0ms)[0m  [1m[32mINSERT INTO "ar_internal_metadata" ("key", "value", "created_at", "updated_at") VALUES ($1, $2, $3, $4) RETURNING "key"[0m  [["key", "environment"], ["value", "development"], ["created_at", "2018-07-10 03:55:10.282841"], ["updated_at", "2018-07-10 03:55:10.282841"]]
  [1m[35m (0.0ms)[0m  [1m[35mCOMMIT[0m
  [1m[35m (0.0ms)[0m  [1m[34mSELECT pg_advisory_unlock(4475467841591330430)[0m
  [1m[35m (1.0ms)[0m  [1m[34mSELECT "schema_migrations"."version" FROM "schema_migrations" ORDER BY "schema_migrations"."version" ASC[0m
  [1m[35m (1.0ms)[0m  [1m[34mSELECT pg_try_advisory_lock(4475467841591330430)[0m
  [1m[35m (1.0ms)[0m  [1m[34mSELECT "schema_migrations"."version" FROM "schema_migrations" ORDER BY "schema_migrations"."version" ASC[0m
Migrating to CreateTransactions (20180710041125)
  [1m[35m (1.0ms)[0m  [1m[35mBEGIN[0m
  [1m[35m (7.9ms)[0m  [1m[35mCREATE TABLE "transactions" ("id" bigserial primary key, "amount" float, "date" character varying, "desc" character varying, "created_at" timestamp NOT NULL, "updated_at" timestamp NOT NULL)[0m
  [1m[35m (0.0ms)[0m  [1m[31mROLLBACK[0m
  [1m[35m (0.0ms)[0m  [1m[34mSELECT pg_advisory_unlock(4475467841591330430)[0m
  [1m[35m (1.0ms)[0m  [1m[34mSELECT pg_try_advisory_lock(4475467841591330430)[0m
  [1m[35m (1.0ms)[0m  [1m[34mSELECT "schema_migrations"."version" FROM "schema_migrations" ORDER BY "schema_migrations"."version" ASC[0m
Migrating to CreateTransactions (20180710041125)
  [1m[35m (0.0ms)[0m  [1m[35mBEGIN[0m
  [1m[35m (7.0ms)[0m  [1m[35mCREATE TABLE "transactions" ("id" bigserial primary key, "amount" float, "date" character varying, "created_at" timestamp NOT NULL, "updated_at" timestamp NOT NULL)[0m
  [1m[35m (0.0ms)[0m  [1m[31mROLLBACK[0m
  [1m[35m (0.0ms)[0m  [1m[34mSELECT pg_advisory_unlock(4475467841591330430)[0m
  [1m[35m (0.0ms)[0m  [1m[34mSELECT pg_try_advisory_lock(4475467841591330430)[0m
  [1m[35m (0.0ms)[0m  [1m[34mSELECT "schema_migrations"."version" FROM "schema_migrations" ORDER BY "schema_migrations"."version" ASC[0m
Migrating to ChangeTransactions (201807100411251)
  [1m[35m (0.0ms)[0m  [1m[34mSELECT pg_advisory_unlock(4475467841591330430)[0m
  [1m[35m (0.0ms)[0m  [1m[34mSELECT pg_try_advisory_lock(4475467841591330430)[0m
  [1m[35m (1.0ms)[0m  [1m[34mSELECT "schema_migrations"."version" FROM "schema_migrations" ORDER BY "schema_migrations"."version" ASC[0m
Migrating to CreateTransactions (20180710042810)
  [1m[35m (1.0ms)[0m  [1m[35mBEGIN[0m
  [1m[35m (88.4ms)[0m  [1m[35mCREATE TABLE "transactions" ("id" bigserial primary key, "amount" float, "date" character varying, "desc" character varying, "created_at" timestamp NOT NULL, "updated_at" timestamp NOT NULL)[0m
  [1m[35mSQL (1.0ms)[0m  [1m[32mINSERT INTO "schema_migrations" ("version") VALUES ($1) RETURNING "version"[0m  [["version", "20180710042810"]]
  [1m[35m (4.0ms)[0m  [1m[35mCOMMIT[0m
  [1m[36mActiveRecord::InternalMetadata Load (1.0ms)[0m  [1m[34mSELECT  "ar_internal_metadata".* FROM "ar_internal_metadata" WHERE "ar_internal_metadata"."key" = $1 LIMIT $2[0m  [["key", "environment"], ["LIMIT", 1]]
  [1m[35m (1.0ms)[0m  [1m[35mBEGIN[0m
  [1m[35m (0.0ms)[0m  [1m[35mCOMMIT[0m
  [1m[35m (0.0ms)[0m  [1m[34mSELECT pg_advisory_unlock(4475467841591330430)[0m
  [1m[35m (1.0ms)[0m  [1m[34mSELECT "schema_migrations"."version" FROM "schema_migrations" ORDER BY "schema_migrations"."version" ASC[0m
  [1m[35m (0.9ms)[0m  [1m[34mSELECT "schema_migrations"."version" FROM "schema_migrations" ORDER BY "schema_migrations"."version" ASC[0m
  [1m[35m (0.0ms)[0m  [1m[35mBEGIN[0m
  [1m[35mSQL (1.0ms)[0m  [1m[32mINSERT INTO "transactions" ("amount", "date", "desc", "created_at", "updated_at") VALUES ($1, $2, $3, $4, $5) RETURNING "id"[0m  [["amount", 150000.0], ["date", "5/7/17"], ["desc", "purchase"], ["created_at", "2018-07-10 04:33:16.611535"], ["updated_at", "2018-07-10 04:33:16.611535"]]
  [1m[35m (4.0ms)[0m  [1m[35mCOMMIT[0m
Started GET "/" for 127.0.0.1 at 2018-07-09 22:59:40 -0700
  [1m[35m (8.0ms)[0m  [1m[34mSELECT "schema_migrations"."version" FROM "schema_migrations" ORDER BY "schema_migrations"."version" ASC[0m
Processing by Rails::WelcomeController#index as HTML
  Rendering C:/RailsInstaller/Ruby2.3.3/lib/ruby/gems/2.3.0/gems/railties-5.1.6/lib/rails/templates/rails/welcome/index.html.erb
  Rendered C:/RailsInstaller/Ruby2.3.3/lib/ruby/gems/2.3.0/gems/railties-5.1.6/lib/rails/templates/rails/welcome/index.html.erb (12.0ms)
Completed 200 OK in 144ms (Views: 85.9ms | ActiveRecord: 0.0ms)


Started GET "/transactions" for 127.0.0.1 at 2018-07-09 22:59:50 -0700
Processing by TransactionsController#index as */*
  [1m[36mTransaction Load (14.0ms)[0m  [1m[34mSELECT "transactions".* FROM "transactions" ORDER BY created_at DESC[0m
Completed 200 OK in 85ms (Views: 37.6ms | ActiveRecord: 35.9ms)


Started GET "/" for 127.0.0.1 at 2018-07-09 23:11:29 -0700
Processing by Rails::WelcomeController#index as HTML
  Rendering C:/RailsInstaller/Ruby2.3.3/lib/ruby/gems/2.3.0/gems/railties-5.1.6/lib/rails/templates/rails/welcome/index.html.erb
  Rendered C:/RailsInstaller/Ruby2.3.3/lib/ruby/gems/2.3.0/gems/railties-5.1.6/lib/rails/templates/rails/welcome/index.html.erb (3.0ms)
Completed 200 OK in 61ms (Views: 31.4ms | ActiveRecord: 0.0ms)


Started GET "/transactions" for 127.0.0.1 at 2018-07-09 23:11:34 -0700
Processing by TransactionsController#index as HTML
  [1m[36mTransaction Load (0.0ms)[0m  [1m[34mSELECT "transactions".* FROM "transactions" ORDER BY created_at DESC[0m
Completed 200 OK in 2ms (Views: 2.3ms | ActiveRecord: 0.0ms)


Started GET "/transactions" for 127.0.0.1 at 2018-07-09 23:40:02 -0700
  [1m[35m (1.0ms)[0m  [1m[34mSELECT "schema_migrations"."version" FROM "schema_migrations" ORDER BY "schema_migrations"."version" ASC[0m
Processing by TransactionsController#index as */*
  [1m[36mTransaction Load (1.0ms)[0m  [1m[34mSELECT "transactions".* FROM "transactions" ORDER BY created_at DESC[0m
Completed 200 OK in 22ms (Views: 8.7ms | ActiveRecord: 6.0ms)


Started GET "/transactions/1" for 127.0.0.1 at 2018-07-09 23:40:08 -0700
Processing by TransactionsController#show as */*
  Parameters: {"id"=>"1"}
  [1m[36mTransaction Load (1.0ms)[0m  [1m[34mSELECT  "transactions".* FROM "transactions" WHERE "transactions"."id" = $1 LIMIT $2[0m  [["id", 1], ["LIMIT", 1]]
Completed 200 OK in 55ms (Views: 0.6ms | ActiveRecord: 6.0ms)


Started POST "/transactions/1" for 127.0.0.1 at 2018-07-09 23:42:35 -0700
  
ActionController::RoutingError (No route matches [POST] "/transactions/1"):
  
actionpack (5.1.6) lib/action_dispatch/middleware/debug_exceptions.rb:63:in `call'
actionpack (5.1.6) lib/action_dispatch/middleware/show_exceptions.rb:31:in `call'
railties (5.1.6) lib/rails/rack/logger.rb:36:in `call_app'
railties (5.1.6) lib/rails/rack/logger.rb:24:in `block in call'
activesupport (5.1.6) lib/active_support/tagged_logging.rb:69:in `block in tagged'
activesupport (5.1.6) lib/active_support/tagged_logging.rb:26:in `tagged'
activesupport (5.1.6) lib/active_support/tagged_logging.rb:69:in `tagged'
railties (5.1.6) lib/rails/rack/logger.rb:24:in `call'
actionpack (5.1.6) lib/action_dispatch/middleware/remote_ip.rb:79:in `call'
actionpack (5.1.6) lib/action_dispatch/middleware/request_id.rb:25:in `call'
rack (2.0.5) lib/rack/runtime.rb:22:in `call'
activesupport (5.1.6) lib/active_support/cache/strategy/local_cache_middleware.rb:27:in `call'
actionpack (5.1.6) lib/action_dispatch/middleware/executor.rb:12:in `call'
actionpack (5.1.6) lib/action_dispatch/middleware/static.rb:125:in `call'
rack (2.0.5) lib/rack/sendfile.rb:111:in `call'
railties (5.1.6) lib/rails/engine.rb:522:in `call'
puma (3.11.4) lib/puma/configuration.rb:225:in `call'
puma (3.11.4) lib/puma/server.rb:632:in `handle_request'
puma (3.11.4) lib/puma/server.rb:446:in `process_client'
puma (3.11.4) lib/puma/server.rb:306:in `block in run'
puma (3.11.4) lib/puma/thread_pool.rb:120:in `block in spawn_thread'
Started POST "/transactions" for 127.0.0.1 at 2018-07-09 23:42:43 -0700
Processing by TransactionsController#create as */*
  Parameters: {"amount"=>"65.65", "date"=>"1/6/98", "desc"=>"purchase"}
  [1m[35m (0.0ms)[0m  [1m[35mBEGIN[0m
  [1m[35mSQL (1.0ms)[0m  [1m[32mINSERT INTO "transactions" ("amount", "date", "desc", "created_at", "updated_at") VALUES ($1, $2, $3, $4, $5) RETURNING "id"[0m  [["amount", 65.65], ["date", "1/6/98"], ["desc", "purchase"], ["created_at", "2018-07-10 06:42:43.753927"], ["updated_at", "2018-07-10 06:42:43.753927"]]
  [1m[35m (5.0ms)[0m  [1m[35mCOMMIT[0m
Completed 500 Internal Server Error in 14ms (Views: 0.6ms | ActiveRecord: 6.0ms)


  
AbstractController::DoubleRenderError (Render and/or redirect were called multiple times in this action. Please note that you may only call render OR redirect, and at most once per action. Also note that neither redirect nor render terminate execution of the action, so if you want to exit an action after redirecting, you need to do something like "redirect_to(...) and return".):
  
app/controllers/transactions_controller.rb:20:in `create'
Started POST "/transactions" for 127.0.0.1 at 2018-07-09 23:44:25 -0700
Processing by TransactionsController#create as */*
  Parameters: {"amount"=>34.12, "date"=>"1/3/89", "desc"=>"lol", "transaction"=>{"amount"=>34.12, "date"=>"1/3/89", "desc"=>"lol"}}
Unpermitted parameter: :transaction
  [1m[35m (1.0ms)[0m  [1m[35mBEGIN[0m
  [1m[35mSQL (1.0ms)[0m  [1m[32mINSERT INTO "transactions" ("amount", "date", "desc", "created_at", "updated_at") VALUES ($1, $2, $3, $4, $5) RETURNING "id"[0m  [["amount", 34.12], ["date", "1/3/89"], ["desc", "lol"], ["created_at", "2018-07-10 06:44:25.117236"], ["updated_at", "2018-07-10 06:44:25.117236"]]
  [1m[35m (4.0ms)[0m  [1m[35mCOMMIT[0m
Completed 500 Internal Server Error in 12ms (Views: 0.6ms | ActiveRecord: 6.0ms)


  
AbstractController::DoubleRenderError (Render and/or redirect were called multiple times in this action. Please note that you may only call render OR redirect, and at most once per action. Also note that neither redirect nor render terminate execution of the action, so if you want to exit an action after redirecting, you need to do something like "redirect_to(...) and return".):
  
app/controllers/transactions_controller.rb:20:in `create'
Started GET "/transactions" for 127.0.0.1 at 2018-07-09 23:45:40 -0700
Processing by TransactionsController#index as */*
  Parameters: {"transaction"=>{}}
  [1m[36mTransaction Load (0.0ms)[0m  [1m[34mSELECT "transactions".* FROM "transactions" ORDER BY created_at DESC[0m
Completed 200 OK in 5ms (Views: 3.9ms | ActiveRecord: 0.0ms)


Started GET "/transactions/3" for 127.0.0.1 at 2018-07-09 23:45:55 -0700
Processing by TransactionsController#show as */*
  Parameters: {"id"=>"3", "transaction"=>{}}
  [1m[36mTransaction Load (0.0ms)[0m  [1m[34mSELECT  "transactions".* FROM "transactions" WHERE "transactions"."id" = $1 LIMIT $2[0m  [["id", 3], ["LIMIT", 1]]
Completed 200 OK in 5ms (Views: 0.5ms | ActiveRecord: 0.0ms)


Started DELETE "/transactions/3" for 127.0.0.1 at 2018-07-09 23:54:33 -0700
  [1m[35m (2.0ms)[0m  [1m[34mSELECT "schema_migrations"."version" FROM "schema_migrations" ORDER BY "schema_migrations"."version" ASC[0m
Processing by TransactionsController#destroy as */*
  Parameters: {"amount"=>34.12, "date"=>"1/3/89", "desc"=>"lol", "id"=>"3", "transaction"=>{"amount"=>34.12, "date"=>"1/3/89", "desc"=>"lol"}}
  [1m[36mTransaction Load (1.0ms)[0m  [1m[34mSELECT  "transactions".* FROM "transactions" WHERE "transactions"."id" = $1 LIMIT $2[0m  [["id", 3], ["LIMIT", 1]]
  [1m[35m (0.0ms)[0m  [1m[35mBEGIN[0m
  [1m[35mSQL (0.0ms)[0m  [1m[31mDELETE FROM "transactions" WHERE "transactions"."id" = $1[0m  [["id", 3]]
  [1m[35m (1.0ms)[0m  [1m[35mCOMMIT[0m
Completed 200 OK in 40ms (Views: 1.4ms | ActiveRecord: 10.2ms)


Started POST "/transactions" for 127.0.0.1 at 2018-07-10 01:44:20 -0700
  [1m[35m (10.3ms)[0m  [1m[34mSELECT "schema_migrations"."version" FROM "schema_migrations" ORDER BY "schema_migrations"."version" ASC[0m
Processing by TransactionsController#create as */*
  Parameters: {"amount"=>34.12, "date"=>"1/3/89", "desc"=>"lolol", "transaction"=>{"amount"=>34.12, "date"=>"1/3/89", "desc"=>"lolol"}}
Unpermitted parameter: :transaction
  [1m[35m (0.0ms)[0m  [1m[35mBEGIN[0m
  [1m[35mSQL (5.8ms)[0m  [1m[32mINSERT INTO "transactions" ("amount", "date", "desc", "created_at", "updated_at") VALUES ($1, $2, $3, $4, $5) RETURNING "id"[0m  [["amount", 34.12], ["date", "1/3/89"], ["desc", "lolol"], ["created_at", "2018-07-10 08:44:23.439143"], ["updated_at", "2018-07-10 08:44:23.439143"]]
  [1m[35m (9.5ms)[0m  [1m[35mCOMMIT[0m
Completed 500 Internal Server Error in 68ms (Views: 1.2ms | ActiveRecord: 52.6ms)


  
AbstractController::DoubleRenderError (Render and/or redirect were called multiple times in this action. Please note that you may only call render OR redirect, and at most once per action. Also note that neither redirect nor render terminate execution of the action, so if you want to exit an action after redirecting, you need to do something like "redirect_to(...) and return".):
  
app/controllers/transactions_controller.rb:20:in `create'
Started POST "/transactions" for 127.0.0.1 at 2018-07-10 01:45:43 -0700
  [1m[35m (1.0ms)[0m  [1m[34mSELECT "schema_migrations"."version" FROM "schema_migrations" ORDER BY "schema_migrations"."version" ASC[0m
  
SyntaxError (C:/Users/devin/Desktop/RUBY/api/api_postgres/rails_api/app/controllers/transactions_controller.rb:42: syntax error, unexpected keyword_end, expecting end-of-input
  end
     ^):
  
app/controllers/transactions_controller.rb:42: syntax error, unexpected keyword_end, expecting end-of-input
Started POST "/transactions" for 127.0.0.1 at 2018-07-10 01:47:29 -0700
  [1m[35m (1.0ms)[0m  [1m[34mSELECT "schema_migrations"."version" FROM "schema_migrations" ORDER BY "schema_migrations"."version" ASC[0m
  
SyntaxError (C:/Users/devin/Desktop/RUBY/api/api_postgres/rails_api/app/controllers/transactions_controller.rb:43: syntax error, unexpected keyword_end, expecting end-of-input
  end
     ^):
  
app/controllers/transactions_controller.rb:43: syntax error, unexpected keyword_end, expecting end-of-input
Started POST "/transactions" for 127.0.0.1 at 2018-07-10 01:47:47 -0700
  
SyntaxError (C:/Users/devin/Desktop/RUBY/api/api_postgres/rails_api/app/controllers/transactions_controller.rb:43: syntax error, unexpected keyword_end, expecting end-of-input
  end
     ^):
  
app/controllers/transactions_controller.rb:43: syntax error, unexpected keyword_end, expecting end-of-input
  [1m[35m (0.0ms)[0m  [1m[34mSELECT pg_try_advisory_lock(4475467841591330430)[0m
  [1m[35m (0.0ms)[0m  [1m[34mSELECT "schema_migrations"."version" FROM "schema_migrations" ORDER BY "schema_migrations"."version" ASC[0m
Migrating to CreateProducts (20180710095841)
  [1m[35m (0.0ms)[0m  [1m[35mBEGIN[0m
  [1m[35m (130.1ms)[0m  [1m[35mCREATE TABLE "products" ("id" bigserial primary key, "desc" character varying, "created_at" timestamp NOT NULL, "updated_at" timestamp NOT NULL)[0m
  [1m[35mSQL (0.0ms)[0m  [1m[32mINSERT INTO "schema_migrations" ("version") VALUES ($1) RETURNING "version"[0m  [["version", "20180710095841"]]
  [1m[35m (0.0ms)[0m  [1m[35mCOMMIT[0m
  [1m[36mActiveRecord::InternalMetadata Load (18.0ms)[0m  [1m[34mSELECT  "ar_internal_metadata".* FROM "ar_internal_metadata" WHERE "ar_internal_metadata"."key" = $1 LIMIT $2[0m  [["key", "environment"], ["LIMIT", 1]]
  [1m[35m (0.3ms)[0m  [1m[35mBEGIN[0m
  [1m[35m (0.0ms)[0m  [1m[35mCOMMIT[0m
  [1m[35m (1.0ms)[0m  [1m[34mSELECT pg_advisory_unlock(4475467841591330430)[0m
  [1m[35m (0.0ms)[0m  [1m[34mSELECT "schema_migrations"."version" FROM "schema_migrations" ORDER BY "schema_migrations"."version" ASC[0m
  [1m[35m (0.0ms)[0m  [1m[34mSELECT pg_try_advisory_lock(4475467841591330430)[0m
  [1m[35m (0.0ms)[0m  [1m[34mSELECT "schema_migrations"."version" FROM "schema_migrations" ORDER BY "schema_migrations"."version" ASC[0m
Migrating to AddProductNumberToProducts (20180710100104)
  [1m[35m (0.0ms)[0m  [1m[35mBEGIN[0m
  [1m[35m (0.0ms)[0m  [1m[35mALTER TABLE "products" ADD "product_number" character varying[0m
  [1m[35mSQL (0.0ms)[0m  [1m[32mINSERT INTO "schema_migrations" ("version") VALUES ($1) RETURNING "version"[0m  [["version", "20180710100104"]]
  [1m[35m (0.0ms)[0m  [1m[35mCOMMIT[0m
  [1m[36mActiveRecord::InternalMetadata Load (0.0ms)[0m  [1m[34mSELECT  "ar_internal_metadata".* FROM "ar_internal_metadata" WHERE "ar_internal_metadata"."key" = $1 LIMIT $2[0m  [["key", "environment"], ["LIMIT", 1]]
  [1m[35m (0.0ms)[0m  [1m[35mBEGIN[0m
  [1m[35m (0.0ms)[0m  [1m[35mCOMMIT[0m
  [1m[35m (0.0ms)[0m  [1m[34mSELECT pg_advisory_unlock(4475467841591330430)[0m
  [1m[35m (0.0ms)[0m  [1m[34mSELECT "schema_migrations"."version" FROM "schema_migrations" ORDER BY "schema_migrations"."version" ASC[0m
Started POST "/transactions" for 127.0.0.1 at 2018-07-11 02:50:25 -0800
  
ActiveRecord::NoDatabaseError (FATAL:  database "rails" does not exist
):
  
activerecord (5.1.6) lib/active_record/connection_adapters/postgresql_adapter.rb:701:in `rescue in connect'
activerecord (5.1.6) lib/active_record/connection_adapters/postgresql_adapter.rb:696:in `connect'
activerecord (5.1.6) lib/active_record/connection_adapters/postgresql_adapter.rb:221:in `initialize'
activerecord (5.1.6) lib/active_record/connection_adapters/postgresql_adapter.rb:38:in `new'
activerecord (5.1.6) lib/active_record/connection_adapters/postgresql_adapter.rb:38:in `postgresql_connection'
activerecord (5.1.6) lib/active_record/connection_adapters/abstract/connection_pool.rb:759:in `new_connection'
activerecord (5.1.6) lib/active_record/connection_adapters/abstract/connection_pool.rb:803:in `checkout_new_connection'
activerecord (5.1.6) lib/active_record/connection_adapters/abstract/connection_pool.rb:782:in `try_to_checkout_new_connection'
activerecord (5.1.6) lib/active_record/connection_adapters/abstract/connection_pool.rb:743:in `acquire_connection'
activerecord (5.1.6) lib/active_record/connection_adapters/abstract/connection_pool.rb:500:in `checkout'
activerecord (5.1.6) lib/active_record/connection_adapters/abstract/connection_pool.rb:374:in `connection'
activerecord (5.1.6) lib/active_record/connection_adapters/abstract/connection_pool.rb:931:in `retrieve_connection'
activerecord (5.1.6) lib/active_record/connection_handling.rb:116:in `retrieve_connection'
activerecord (5.1.6) lib/active_record/connection_handling.rb:88:in `connection'
activerecord (5.1.6) lib/active_record/migration.rb:562:in `connection'
activerecord (5.1.6) lib/active_record/migration.rb:553:in `call'
actionpack (5.1.6) lib/action_dispatch/middleware/callbacks.rb:26:in `block in call'
activesupport (5.1.6) lib/active_support/callbacks.rb:97:in `run_callbacks'
actionpack (5.1.6) lib/action_dispatch/middleware/callbacks.rb:24:in `call'
actionpack (5.1.6) lib/action_dispatch/middleware/executor.rb:12:in `call'
actionpack (5.1.6) lib/action_dispatch/middleware/debug_exceptions.rb:59:in `call'
actionpack (5.1.6) lib/action_dispatch/middleware/show_exceptions.rb:31:in `call'
railties (5.1.6) lib/rails/rack/logger.rb:36:in `call_app'
railties (5.1.6) lib/rails/rack/logger.rb:24:in `block in call'
activesupport (5.1.6) lib/active_support/tagged_logging.rb:69:in `block in tagged'
activesupport (5.1.6) lib/active_support/tagged_logging.rb:26:in `tagged'
activesupport (5.1.6) lib/active_support/tagged_logging.rb:69:in `tagged'
railties (5.1.6) lib/rails/rack/logger.rb:24:in `call'
actionpack (5.1.6) lib/action_dispatch/middleware/remote_ip.rb:79:in `call'
actionpack (5.1.6) lib/action_dispatch/middleware/request_id.rb:25:in `call'
rack (2.0.5) lib/rack/runtime.rb:22:in `call'
activesupport (5.1.6) lib/active_support/cache/strategy/local_cache_middleware.rb:27:in `call'
actionpack (5.1.6) lib/action_dispatch/middleware/executor.rb:12:in `call'
actionpack (5.1.6) lib/action_dispatch/middleware/static.rb:125:in `call'
rack (2.0.5) lib/rack/sendfile.rb:111:in `call'
railties (5.1.6) lib/rails/engine.rb:522:in `call'
puma (3.11.4) lib/puma/configuration.rb:225:in `call'
puma (3.11.4) lib/puma/server.rb:632:in `handle_request'
puma (3.11.4) lib/puma/server.rb:446:in `process_client'
puma (3.11.4) lib/puma/server.rb:306:in `block in run'
puma (3.11.4) lib/puma/thread_pool.rb:120:in `block in spawn_thread'
  [1m[35m (30.2ms)[0m  [1m[35mCREATE TABLE "schema_migrations" ("version" character varying NOT NULL PRIMARY KEY)[0m
  [1m[35m (31.2ms)[0m  [1m[35mCREATE TABLE "ar_internal_metadata" ("key" character varying NOT NULL PRIMARY KEY, "value" character varying, "created_at" timestamp NOT NULL, "updated_at" timestamp NOT NULL)[0m
  [1m[35m (0.0ms)[0m  [1m[34mSELECT pg_try_advisory_lock(4475467841591330430)[0m
  [1m[35m (0.0ms)[0m  [1m[34mSELECT "schema_migrations"."version" FROM "schema_migrations" ORDER BY "schema_migrations"."version" ASC[0m
Migrating to CreateTransactions (20180710042810)
  [1m[35m (0.0ms)[0m  [1m[35mBEGIN[0m
  [1m[35m (31.2ms)[0m  [1m[35mCREATE TABLE "transactions" ("id" bigserial primary key, "amount" float, "date" character varying, "desc" character varying, "created_at" timestamp NOT NULL, "updated_at" timestamp NOT NULL)[0m
  [1m[35mSQL (0.0ms)[0m  [1m[32mINSERT INTO "schema_migrations" ("version") VALUES ($1) RETURNING "version"[0m  [["version", "20180710042810"]]
  [1m[35m (0.0ms)[0m  [1m[35mCOMMIT[0m
Migrating to CreateProducts (20180710095841)
  [1m[35m (0.0ms)[0m  [1m[35mBEGIN[0m
  [1m[35m (15.6ms)[0m  [1m[35mCREATE TABLE "products" ("id" bigserial primary key, "desc" character varying, "created_at" timestamp NOT NULL, "updated_at" timestamp NOT NULL)[0m
  [1m[35mSQL (0.0ms)[0m  [1m[32mINSERT INTO "schema_migrations" ("version") VALUES ($1) RETURNING "version"[0m  [["version", "20180710095841"]]
  [1m[35m (0.0ms)[0m  [1m[35mCOMMIT[0m
Migrating to AddProductNumberToProducts (20180710100104)
  [1m[35m (0.0ms)[0m  [1m[35mBEGIN[0m
  [1m[35m (0.0ms)[0m  [1m[35mALTER TABLE "products" ADD "product_number" character varying[0m
  [1m[35mSQL (0.0ms)[0m  [1m[32mINSERT INTO "schema_migrations" ("version") VALUES ($1) RETURNING "version"[0m  [["version", "20180710100104"]]
  [1m[35m (0.0ms)[0m  [1m[35mCOMMIT[0m
  [1m[36mActiveRecord::InternalMetadata Load (0.0ms)[0m  [1m[34mSELECT  "ar_internal_metadata".* FROM "ar_internal_metadata" WHERE "ar_internal_metadata"."key" = $1 LIMIT $2[0m  [["key", "environment"], ["LIMIT", 1]]
  [1m[35m (0.0ms)[0m  [1m[35mBEGIN[0m
  [1m[35mSQL (0.0ms)[0m  [1m[32mINSERT INTO "ar_internal_metadata" ("key", "value", "created_at", "updated_at") VALUES ($1, $2, $3, $4) RETURNING "key"[0m  [["key", "environment"], ["value", "development"], ["created_at", "2018-07-11 10:56:42.083207"], ["updated_at", "2018-07-11 10:56:42.083207"]]
  [1m[35m (0.0ms)[0m  [1m[35mCOMMIT[0m
  [1m[35m (0.0ms)[0m  [1m[34mSELECT pg_advisory_unlock(4475467841591330430)[0m
  [1m[35m (0.0ms)[0m  [1m[34mSELECT "schema_migrations"."version" FROM "schema_migrations" ORDER BY "schema_migrations"."version" ASC[0m
  [1m[35m (1.0ms)[0m  [1m[34mSELECT "schema_migrations"."version" FROM "schema_migrations" ORDER BY "schema_migrations"."version" ASC[0m
  [1m[35m (0.0ms)[0m  [1m[35mBEGIN[0m
  [1m[35mSQL (0.0ms)[0m  [1m[32mINSERT INTO "transactions" ("amount", "date", "desc", "created_at", "updated_at") VALUES ($1, $2, $3, $4, $5) RETURNING "id"[0m  [["amount", 150000.0], ["date", "5/7/17"], ["desc", "purchase"], ["created_at", "2018-07-11 10:58:08.550586"], ["updated_at", "2018-07-11 10:58:08.550586"]]
  [1m[35m (0.0ms)[0m  [1m[35mCOMMIT[0m
Started POST "/transactions" for 127.0.0.1 at 2018-07-11 03:00:04 -0800
  [1m[35m (1.0ms)[0m  [1m[34mSELECT "schema_migrations"."version" FROM "schema_migrations" ORDER BY "schema_migrations"."version" ASC[0m
  
SyntaxError (D:/projects/ruby/ruby_rails_postgres_api/rails_api/app/controllers/transactions_controller.rb:43: syntax error, unexpected keyword_end, expecting end-of-input
  end
     ^):
  
app/controllers/transactions_controller.rb:43: syntax error, unexpected keyword_end, expecting end-of-input
Started GET "/transactions/3" for 127.0.0.1 at 2018-07-11 03:00:53 -0800
  
SyntaxError (D:/projects/ruby/ruby_rails_postgres_api/rails_api/app/controllers/transactions_controller.rb:43: syntax error, unexpected keyword_end, expecting end-of-input
  end
     ^):
  
app/controllers/transactions_controller.rb:43: syntax error, unexpected keyword_end, expecting end-of-input
Started GET "/transactions/" for 127.0.0.1 at 2018-07-11 03:01:05 -0800
  
SyntaxError (D:/projects/ruby/ruby_rails_postgres_api/rails_api/app/controllers/transactions_controller.rb:43: syntax error, unexpected keyword_end, expecting end-of-input
  end
     ^):
  
app/controllers/transactions_controller.rb:43: syntax error, unexpected keyword_end, expecting end-of-input
Started POST "/transactions" for 127.0.0.1 at 2018-07-11 03:03:07 -0800
  [1m[35m (0.0ms)[0m  [1m[34mSELECT "schema_migrations"."version" FROM "schema_migrations" ORDER BY "schema_migrations"."version" ASC[0m
Processing by TransactionsController#create as */*
  Parameters: {"amount"=>34.12, "date"=>"1/3/89", "desc"=>"lololol", "transaction"=>{"amount"=>34.12, "date"=>"1/3/89", "desc"=>"lololol"}}
Unpermitted parameter: :transaction
Completed 200 OK in 7ms (Views: 0.3ms | ActiveRecord: 4.0ms)


Started POST "/transactions" for 127.0.0.1 at 2018-07-11 03:03:38 -0800
Processing by TransactionsController#create as */*
  Parameters: {"amount"=>34.1, "date"=>"1/3/87", "desc"=>"lolololololololol", "transaction"=>{"amount"=>34.1, "date"=>"1/3/87", "desc"=>"lolololololololol"}}
Unpermitted parameter: :transaction
Completed 200 OK in 5ms (Views: 0.3ms | ActiveRecord: 0.0ms)


Started GET "/transactions/" for 127.0.0.1 at 2018-07-11 03:03:44 -0800
Processing by TransactionsController#index as */*
  Parameters: {"transaction"=>{}}
  [1m[36mTransaction Load (1.0ms)[0m  [1m[34mSELECT "transactions".* FROM "transactions" ORDER BY created_at DESC[0m
Completed 200 OK in 93ms (Views: 87.0ms | ActiveRecord: 6.0ms)


Started PUT "/transactions/3" for 127.0.0.1 at 2018-07-11 03:04:15 -0800
  
AbstractController::ActionNotFound (The action 'update' could not be found for TransactionsController):
  
actionpack (5.1.6) lib/abstract_controller/base.rb:119:in `process'
actionpack (5.1.6) lib/action_controller/metal.rb:189:in `dispatch'
actionpack (5.1.6) lib/action_controller/metal.rb:253:in `dispatch'
actionpack (5.1.6) lib/action_dispatch/routing/route_set.rb:49:in `dispatch'
actionpack (5.1.6) lib/action_dispatch/routing/route_set.rb:31:in `serve'
actionpack (5.1.6) lib/action_dispatch/journey/router.rb:50:in `block in serve'
actionpack (5.1.6) lib/action_dispatch/journey/router.rb:33:in `each'
actionpack (5.1.6) lib/action_dispatch/journey/router.rb:33:in `serve'
actionpack (5.1.6) lib/action_dispatch/routing/route_set.rb:844:in `call'
rack (2.0.5) lib/rack/etag.rb:25:in `call'
rack (2.0.5) lib/rack/conditional_get.rb:38:in `call'
rack (2.0.5) lib/rack/head.rb:12:in `call'
activerecord (5.1.6) lib/active_record/migration.rb:556:in `call'
actionpack (5.1.6) lib/action_dispatch/middleware/callbacks.rb:26:in `block in call'
activesupport (5.1.6) lib/active_support/callbacks.rb:97:in `run_callbacks'
actionpack (5.1.6) lib/action_dispatch/middleware/callbacks.rb:24:in `call'
actionpack (5.1.6) lib/action_dispatch/middleware/executor.rb:12:in `call'
actionpack (5.1.6) lib/action_dispatch/middleware/debug_exceptions.rb:59:in `call'
actionpack (5.1.6) lib/action_dispatch/middleware/show_exceptions.rb:31:in `call'
railties (5.1.6) lib/rails/rack/logger.rb:36:in `call_app'
railties (5.1.6) lib/rails/rack/logger.rb:24:in `block in call'
activesupport (5.1.6) lib/active_support/tagged_logging.rb:69:in `block in tagged'
activesupport (5.1.6) lib/active_support/tagged_logging.rb:26:in `tagged'
activesupport (5.1.6) lib/active_support/tagged_logging.rb:69:in `tagged'
railties (5.1.6) lib/rails/rack/logger.rb:24:in `call'
actionpack (5.1.6) lib/action_dispatch/middleware/remote_ip.rb:79:in `call'
actionpack (5.1.6) lib/action_dispatch/middleware/request_id.rb:25:in `call'
rack (2.0.5) lib/rack/runtime.rb:22:in `call'
activesupport (5.1.6) lib/active_support/cache/strategy/local_cache_middleware.rb:27:in `call'
actionpack (5.1.6) lib/action_dispatch/middleware/executor.rb:12:in `call'
actionpack (5.1.6) lib/action_dispatch/middleware/static.rb:125:in `call'
rack (2.0.5) lib/rack/sendfile.rb:111:in `call'
railties (5.1.6) lib/rails/engine.rb:522:in `call'
puma (3.11.4) lib/puma/configuration.rb:225:in `call'
puma (3.11.4) lib/puma/server.rb:632:in `handle_request'
puma (3.11.4) lib/puma/server.rb:446:in `process_client'
puma (3.11.4) lib/puma/server.rb:306:in `block in run'
puma (3.11.4) lib/puma/thread_pool.rb:120:in `block in spawn_thread'
Started PATCH "/transactions/3" for 127.0.0.1 at 2018-07-11 03:04:55 -0800
  
AbstractController::ActionNotFound (The action 'update' could not be found for TransactionsController):
  
actionpack (5.1.6) lib/abstract_controller/base.rb:119:in `process'
actionpack (5.1.6) lib/action_controller/metal.rb:189:in `dispatch'
actionpack (5.1.6) lib/action_controller/metal.rb:253:in `dispatch'
actionpack (5.1.6) lib/action_dispatch/routing/route_set.rb:49:in `dispatch'
actionpack (5.1.6) lib/action_dispatch/routing/route_set.rb:31:in `serve'
actionpack (5.1.6) lib/action_dispatch/journey/router.rb:50:in `block in serve'
actionpack (5.1.6) lib/action_dispatch/journey/router.rb:33:in `each'
actionpack (5.1.6) lib/action_dispatch/journey/router.rb:33:in `serve'
actionpack (5.1.6) lib/action_dispatch/routing/route_set.rb:844:in `call'
rack (2.0.5) lib/rack/etag.rb:25:in `call'
rack (2.0.5) lib/rack/conditional_get.rb:38:in `call'
rack (2.0.5) lib/rack/head.rb:12:in `call'
activerecord (5.1.6) lib/active_record/migration.rb:556:in `call'
actionpack (5.1.6) lib/action_dispatch/middleware/callbacks.rb:26:in `block in call'
activesupport (5.1.6) lib/active_support/callbacks.rb:97:in `run_callbacks'
actionpack (5.1.6) lib/action_dispatch/middleware/callbacks.rb:24:in `call'
actionpack (5.1.6) lib/action_dispatch/middleware/executor.rb:12:in `call'
actionpack (5.1.6) lib/action_dispatch/middleware/debug_exceptions.rb:59:in `call'
actionpack (5.1.6) lib/action_dispatch/middleware/show_exceptions.rb:31:in `call'
railties (5.1.6) lib/rails/rack/logger.rb:36:in `call_app'
railties (5.1.6) lib/rails/rack/logger.rb:24:in `block in call'
activesupport (5.1.6) lib/active_support/tagged_logging.rb:69:in `block in tagged'
activesupport (5.1.6) lib/active_support/tagged_logging.rb:26:in `tagged'
activesupport (5.1.6) lib/active_support/tagged_logging.rb:69:in `tagged'
railties (5.1.6) lib/rails/rack/logger.rb:24:in `call'
actionpack (5.1.6) lib/action_dispatch/middleware/remote_ip.rb:79:in `call'
actionpack (5.1.6) lib/action_dispatch/middleware/request_id.rb:25:in `call'
rack (2.0.5) lib/rack/runtime.rb:22:in `call'
activesupport (5.1.6) lib/active_support/cache/strategy/local_cache_middleware.rb:27:in `call'
actionpack (5.1.6) lib/action_dispatch/middleware/executor.rb:12:in `call'
actionpack (5.1.6) lib/action_dispatch/middleware/static.rb:125:in `call'
rack (2.0.5) lib/rack/sendfile.rb:111:in `call'
railties (5.1.6) lib/rails/engine.rb:522:in `call'
puma (3.11.4) lib/puma/configuration.rb:225:in `call'
puma (3.11.4) lib/puma/server.rb:632:in `handle_request'
puma (3.11.4) lib/puma/server.rb:446:in `process_client'
puma (3.11.4) lib/puma/server.rb:306:in `block in run'
puma (3.11.4) lib/puma/thread_pool.rb:120:in `block in spawn_thread'
Started DELETE "/transactions/3" for 127.0.0.1 at 2018-07-11 03:05:00 -0800
  
AbstractController::ActionNotFound (The action 'destroy' could not be found for TransactionsController):
  
actionpack (5.1.6) lib/abstract_controller/base.rb:119:in `process'
actionpack (5.1.6) lib/action_controller/metal.rb:189:in `dispatch'
actionpack (5.1.6) lib/action_controller/metal.rb:253:in `dispatch'
actionpack (5.1.6) lib/action_dispatch/routing/route_set.rb:49:in `dispatch'
actionpack (5.1.6) lib/action_dispatch/routing/route_set.rb:31:in `serve'
actionpack (5.1.6) lib/action_dispatch/journey/router.rb:50:in `block in serve'
actionpack (5.1.6) lib/action_dispatch/journey/router.rb:33:in `each'
actionpack (5.1.6) lib/action_dispatch/journey/router.rb:33:in `serve'
actionpack (5.1.6) lib/action_dispatch/routing/route_set.rb:844:in `call'
rack (2.0.5) lib/rack/etag.rb:25:in `call'
rack (2.0.5) lib/rack/conditional_get.rb:38:in `call'
rack (2.0.5) lib/rack/head.rb:12:in `call'
activerecord (5.1.6) lib/active_record/migration.rb:556:in `call'
actionpack (5.1.6) lib/action_dispatch/middleware/callbacks.rb:26:in `block in call'
activesupport (5.1.6) lib/active_support/callbacks.rb:97:in `run_callbacks'
actionpack (5.1.6) lib/action_dispatch/middleware/callbacks.rb:24:in `call'
actionpack (5.1.6) lib/action_dispatch/middleware/executor.rb:12:in `call'
actionpack (5.1.6) lib/action_dispatch/middleware/debug_exceptions.rb:59:in `call'
actionpack (5.1.6) lib/action_dispatch/middleware/show_exceptions.rb:31:in `call'
railties (5.1.6) lib/rails/rack/logger.rb:36:in `call_app'
railties (5.1.6) lib/rails/rack/logger.rb:24:in `block in call'
activesupport (5.1.6) lib/active_support/tagged_logging.rb:69:in `block in tagged'
activesupport (5.1.6) lib/active_support/tagged_logging.rb:26:in `tagged'
activesupport (5.1.6) lib/active_support/tagged_logging.rb:69:in `tagged'
railties (5.1.6) lib/rails/rack/logger.rb:24:in `call'
actionpack (5.1.6) lib/action_dispatch/middleware/remote_ip.rb:79:in `call'
actionpack (5.1.6) lib/action_dispatch/middleware/request_id.rb:25:in `call'
rack (2.0.5) lib/rack/runtime.rb:22:in `call'
activesupport (5.1.6) lib/active_support/cache/strategy/local_cache_middleware.rb:27:in `call'
actionpack (5.1.6) lib/action_dispatch/middleware/executor.rb:12:in `call'
actionpack (5.1.6) lib/action_dispatch/middleware/static.rb:125:in `call'
rack (2.0.5) lib/rack/sendfile.rb:111:in `call'
railties (5.1.6) lib/rails/engine.rb:522:in `call'
puma (3.11.4) lib/puma/configuration.rb:225:in `call'
puma (3.11.4) lib/puma/server.rb:632:in `handle_request'
puma (3.11.4) lib/puma/server.rb:446:in `process_client'
puma (3.11.4) lib/puma/server.rb:306:in `block in run'
puma (3.11.4) lib/puma/thread_pool.rb:120:in `block in spawn_thread'
  [1m[35m (0.0ms)[0m  [1m[34mSELECT pg_try_advisory_lock(4475467841591330430)[0m
  [1m[35m (1.0ms)[0m  [1m[34mSELECT "schema_migrations"."version" FROM "schema_migrations" ORDER BY "schema_migrations"."version" ASC[0m
Migrating to CreateMessages (20180711113718)
  [1m[35m (0.0ms)[0m  [1m[35mBEGIN[0m
  [1m[35m (69.2ms)[0m  [1m[35mCREATE TABLE "messages" ("id" bigserial primary key, "originator" character varying, "content" character varying, "recipient" character varying, "status" integer DEFAULT 1, "created_at" timestamp NOT NULL, "updated_at" timestamp NOT NULL)[0m
  [1m[35mSQL (0.0ms)[0m  [1m[32mINSERT INTO "schema_migrations" ("version") VALUES ($1) RETURNING "version"[0m  [["version", "20180711113718"]]
  [1m[35m (21.4ms)[0m  [1m[35mCOMMIT[0m
  [1m[36mActiveRecord::InternalMetadata Load (1.0ms)[0m  [1m[34mSELECT  "ar_internal_metadata".* FROM "ar_internal_metadata" WHERE "ar_internal_metadata"."key" = $1 LIMIT $2[0m  [["key", "environment"], ["LIMIT", 1]]
  [1m[35m (0.0ms)[0m  [1m[35mBEGIN[0m
  [1m[35m (0.0ms)[0m  [1m[35mCOMMIT[0m
  [1m[35m (1.0ms)[0m  [1m[34mSELECT pg_advisory_unlock(4475467841591330430)[0m
  [1m[35m (0.0ms)[0m  [1m[34mSELECT "schema_migrations"."version" FROM "schema_migrations" ORDER BY "schema_migrations"."version" ASC[0m
Started GET "/transactions/" for 127.0.0.1 at 2018-07-11 03:55:52 -0800
  [1m[35m (1.0ms)[0m  [1m[34mSELECT "schema_migrations"."version" FROM "schema_migrations" ORDER BY "schema_migrations"."version" ASC[0m
  
ActiveRecord::PendingMigrationError (

Migrations are pending. To resolve this issue, run:

        bin/rails db:migrate RAILS_ENV=development

):
  
activerecord (5.1.6) lib/active_record/migration.rb:576:in `check_pending!'
activerecord (5.1.6) lib/active_record/migration.rb:553:in `call'
actionpack (5.1.6) lib/action_dispatch/middleware/callbacks.rb:26:in `block in call'
activesupport (5.1.6) lib/active_support/callbacks.rb:97:in `run_callbacks'
actionpack (5.1.6) lib/action_dispatch/middleware/callbacks.rb:24:in `call'
actionpack (5.1.6) lib/action_dispatch/middleware/executor.rb:12:in `call'
actionpack (5.1.6) lib/action_dispatch/middleware/debug_exceptions.rb:59:in `call'
actionpack (5.1.6) lib/action_dispatch/middleware/show_exceptions.rb:31:in `call'
railties (5.1.6) lib/rails/rack/logger.rb:36:in `call_app'
railties (5.1.6) lib/rails/rack/logger.rb:24:in `block in call'
activesupport (5.1.6) lib/active_support/tagged_logging.rb:69:in `block in tagged'
activesupport (5.1.6) lib/active_support/tagged_logging.rb:26:in `tagged'
activesupport (5.1.6) lib/active_support/tagged_logging.rb:69:in `tagged'
railties (5.1.6) lib/rails/rack/logger.rb:24:in `call'
actionpack (5.1.6) lib/action_dispatch/middleware/remote_ip.rb:79:in `call'
actionpack (5.1.6) lib/action_dispatch/middleware/request_id.rb:25:in `call'
rack (2.0.5) lib/rack/runtime.rb:22:in `call'
activesupport (5.1.6) lib/active_support/cache/strategy/local_cache_middleware.rb:27:in `call'
actionpack (5.1.6) lib/action_dispatch/middleware/executor.rb:12:in `call'
actionpack (5.1.6) lib/action_dispatch/middleware/static.rb:125:in `call'
rack (2.0.5) lib/rack/sendfile.rb:111:in `call'
railties (5.1.6) lib/rails/engine.rb:522:in `call'
puma (3.11.4) lib/puma/configuration.rb:225:in `call'
puma (3.11.4) lib/puma/server.rb:632:in `handle_request'
puma (3.11.4) lib/puma/server.rb:446:in `process_client'
puma (3.11.4) lib/puma/server.rb:306:in `block in run'
puma (3.11.4) lib/puma/thread_pool.rb:120:in `block in spawn_thread'
  [1m[35m (1.0ms)[0m  [1m[34mSELECT pg_try_advisory_lock(4475467841591330430)[0m
  [1m[35m (1.0ms)[0m  [1m[34mSELECT "schema_migrations"."version" FROM "schema_migrations" ORDER BY "schema_migrations"."version" ASC[0m
Migrating to CreateBooks (20180711115522)
  [1m[35m (1.0ms)[0m  [1m[35mBEGIN[0m
  [1m[35m (59.9ms)[0m  [1m[35mCREATE TABLE "books" ("id" bigserial primary key, "title" character varying, "author" character varying, "created_at" timestamp NOT NULL, "updated_at" timestamp NOT NULL)[0m
  [1m[35mSQL (1.0ms)[0m  [1m[32mINSERT INTO "schema_migrations" ("version") VALUES ($1) RETURNING "version"[0m  [["version", "20180711115522"]]
  [1m[35m (19.0ms)[0m  [1m[35mCOMMIT[0m
  [1m[36mActiveRecord::InternalMetadata Load (1.0ms)[0m  [1m[34mSELECT  "ar_internal_metadata".* FROM "ar_internal_metadata" WHERE "ar_internal_metadata"."key" = $1 LIMIT $2[0m  [["key", "environment"], ["LIMIT", 1]]
  [1m[35m (0.0ms)[0m  [1m[35mBEGIN[0m
  [1m[35m (1.0ms)[0m  [1m[35mCOMMIT[0m
  [1m[35m (0.0ms)[0m  [1m[34mSELECT pg_advisory_unlock(4475467841591330430)[0m
  [1m[35m (0.0ms)[0m  [1m[34mSELECT "schema_migrations"."version" FROM "schema_migrations" ORDER BY "schema_migrations"."version" ASC[0m
Started GET "/transactions/" for 127.0.0.1 at 2018-07-11 03:56:32 -0800
  [1m[35m (1.0ms)[0m  [1m[34mSELECT "schema_migrations"."version" FROM "schema_migrations" ORDER BY "schema_migrations"."version" ASC[0m
Processing by TransactionsController#index as */*
  Parameters: {"transaction"=>{}}
[active_model_serializers]   [1m[36mTransaction Load (1.0ms)[0m  [1m[34mSELECT "transactions".* FROM "transactions" ORDER BY created_at DESC[0m
[active_model_serializers] Rendered ActiveModel::Serializer::Null with Hash (11.95ms)
Completed 200 OK in 23ms (Views: 19.9ms | ActiveRecord: 4.9ms)


Started GET "/transactions/" for 127.0.0.1 at 2018-07-11 03:58:18 -0800
Processing by TransactionsController#index as */*
  Parameters: {"transaction"=>{}}
[active_model_serializers]   [1m[36mTransaction Load (1.0ms)[0m  [1m[34mSELECT "transactions".* FROM "transactions" ORDER BY created_at DESC[0m
[active_model_serializers] Rendered ActiveModel::Serializer::Null with Hash (35.9ms)
Completed 200 OK in 37ms (Views: 29.5ms | ActiveRecord: 7.0ms)


Started GET "/books/" for 127.0.0.1 at 2018-07-11 03:58:28 -0800
Processing by BooksController#index as */*
  Parameters: {"book"=>{}}
  [1m[36mBook Load (1.0ms)[0m  [1m[34mSELECT "books".* FROM "books"[0m
[active_model_serializers] Rendered ActiveModel::Serializer::CollectionSerializer with ActiveModelSerializers::Adapter::Attributes (0.0ms)
Completed 200 OK in 21ms (Views: 18.3ms | ActiveRecord: 8.9ms)


Started POST "/books/" for 127.0.0.1 at 2018-07-11 04:00:59 -0800
Processing by BooksController#create as */*
  Parameters: {"title"=>"Crime and Punishment", "author"=>"Dostoyevsky", "book"=>{"title"=>"Crime and Punishment", "author"=>"Dostoyevsky"}}
  [1m[35m (0.0ms)[0m  [1m[35mBEGIN[0m
  [1m[35mSQL (1.0ms)[0m  [1m[32mINSERT INTO "books" ("title", "author", "created_at", "updated_at") VALUES ($1, $2, $3, $4) RETURNING "id"[0m  [["title", "Crime and Punishment"], ["author", "Dostoyevsky"], ["created_at", "2018-07-11 12:00:59.935868"], ["updated_at", "2018-07-11 12:00:59.935868"]]
  [1m[35m (23.0ms)[0m  [1m[35mCOMMIT[0m
[active_model_serializers] Rendered BookSerializer with ActiveModelSerializers::Adapter::Attributes (1.03ms)
Completed 201 Created in 50ms (Views: 9.8ms | ActiveRecord: 27.0ms)


Started GET "/books/" for 127.0.0.1 at 2018-07-11 04:01:27 -0800
Processing by BooksController#index as */*
  Parameters: {"book"=>{}}
  [1m[36mBook Load (0.0ms)[0m  [1m[34mSELECT "books".* FROM "books"[0m
[active_model_serializers] Rendered ActiveModel::Serializer::CollectionSerializer with ActiveModelSerializers::Adapter::Attributes (1.0ms)
Completed 200 OK in 6ms (Views: 5.6ms | ActiveRecord: 0.0ms)


Started GET "/books/1" for 127.0.0.1 at 2018-07-11 04:01:31 -0800
Processing by BooksController#show as */*
  Parameters: {"id"=>"1", "book"=>{}}
  [1m[36mBook Load (5.0ms)[0m  [1m[34mSELECT  "books".* FROM "books" WHERE "books"."id" = $1 LIMIT $2[0m  [["id", 1], ["LIMIT", 1]]
[active_model_serializers] Rendered BookSerializer with ActiveModelSerializers::Adapter::Attributes (0.0ms)
Completed 200 OK in 45ms (Views: 0.9ms | ActiveRecord: 6.0ms)


Started POST "/books/" for 127.0.0.1 at 2018-07-11 04:01:53 -0800
Processing by BooksController#create as */*
  Parameters: {"title"=>"Brothers Karamazov", "author"=>"Dostoyevsky", "book"=>{"title"=>"Brothers Karamazov", "author"=>"Dostoyevsky"}}
  [1m[35m (0.0ms)[0m  [1m[35mBEGIN[0m
  [1m[35mSQL (0.0ms)[0m  [1m[32mINSERT INTO "books" ("title", "author", "created_at", "updated_at") VALUES ($1, $2, $3, $4) RETURNING "id"[0m  [["title", "Brothers Karamazov"], ["author", "Dostoyevsky"], ["created_at", "2018-07-11 12:01:53.953550"], ["updated_at", "2018-07-11 12:01:53.953550"]]
  [1m[35m (1.0ms)[0m  [1m[35mCOMMIT[0m
[active_model_serializers] Rendered BookSerializer with ActiveModelSerializers::Adapter::Attributes (0.0ms)
Completed 201 Created in 6ms (Views: 0.8ms | ActiveRecord: 1.0ms)


Started POST "/books/" for 127.0.0.1 at 2018-07-11 04:04:00 -0800
Processing by BooksController#create as */*
  Parameters: {"title"=>"War and Peace", "author"=>"Dostoyevsky", "book"=>{"title"=>"War and Peace", "author"=>"Dostoyevsky"}}
  [1m[35m (0.0ms)[0m  [1m[35mBEGIN[0m
  [1m[35mSQL (0.0ms)[0m  [1m[32mINSERT INTO "books" ("title", "author", "created_at", "updated_at") VALUES ($1, $2, $3, $4) RETURNING "id"[0m  [["title", "War and Peace"], ["author", "Dostoyevsky"], ["created_at", "2018-07-11 12:04:00.593724"], ["updated_at", "2018-07-11 12:04:00.593724"]]
  [1m[35m (19.0ms)[0m  [1m[35mCOMMIT[0m
[active_model_serializers] Rendered BookSerializer with ActiveModelSerializers::Adapter::Attributes (0.0ms)
Completed 201 Created in 28ms (Views: 1.1ms | ActiveRecord: 19.0ms)


Started GET "/books/" for 127.0.0.1 at 2018-07-11 04:04:40 -0800
Processing by BooksController#index as */*
  Parameters: {"book"=>{}}
  [1m[36mBook Load (0.0ms)[0m  [1m[34mSELECT "books".* FROM "books"[0m
[active_model_serializers] Rendered ActiveModel::Serializer::CollectionSerializer with ActiveModelSerializers::Adapter::Attributes (0.0ms)
Completed 200 OK in 5ms (Views: 4.4ms | ActiveRecord: 0.0ms)


Started PUT "/books/3" for 127.0.0.1 at 2018-07-11 04:04:48 -0800
Processing by BooksController#update as */*
  Parameters: {"title"=>"War and Peace", "author"=>"Tolstoy", "id"=>"3", "book"=>{"title"=>"War and Peace", "author"=>"Tolstoy"}}
  [1m[36mBook Load (0.0ms)[0m  [1m[34mSELECT  "books".* FROM "books" WHERE "books"."id" = $1 LIMIT $2[0m  [["id", 3], ["LIMIT", 1]]
  [1m[35m (1.0ms)[0m  [1m[35mBEGIN[0m
  [1m[35mSQL (0.0ms)[0m  [1m[33mUPDATE "books" SET "author" = $1, "updated_at" = $2 WHERE "books"."id" = $3[0m  [["author", "Tolstoy"], ["updated_at", "2018-07-11 12:04:48.748453"], ["id", 3]]
  [1m[35m (0.0ms)[0m  [1m[35mCOMMIT[0m
[active_model_serializers] Rendered BookSerializer with ActiveModelSerializers::Adapter::Attributes (0.0ms)
Completed 200 OK in 10ms (Views: 1.2ms | ActiveRecord: 1.0ms)


Started GET "/books/" for 127.0.0.1 at 2018-07-11 04:04:53 -0800
Processing by BooksController#index as */*
  Parameters: {"book"=>{}}
  [1m[36mBook Load (1.0ms)[0m  [1m[34mSELECT "books".* FROM "books"[0m
[active_model_serializers] Rendered ActiveModel::Serializer::CollectionSerializer with ActiveModelSerializers::Adapter::Attributes (0.0ms)
Completed 200 OK in 3ms (Views: 2.0ms | ActiveRecord: 1.0ms)


Started DELETE "/books/3" for 127.0.0.1 at 2018-07-11 04:05:55 -0800
Processing by BooksController#destroy as */*
  Parameters: {"id"=>"3"}
  [1m[36mBook Load (0.0ms)[0m  [1m[34mSELECT  "books".* FROM "books" WHERE "books"."id" = $1 LIMIT $2[0m  [["id", 3], ["LIMIT", 1]]
  [1m[35m (1.0ms)[0m  [1m[35mBEGIN[0m
  [1m[35mSQL (0.0ms)[0m  [1m[31mDELETE FROM "books" WHERE "books"."id" = $1[0m  [["id", 3]]
  [1m[35m (1.0ms)[0m  [1m[35mCOMMIT[0m
Completed 204 No Content in 11ms (ActiveRecord: 2.0ms)


Started GET "/books/" for 127.0.0.1 at 2018-07-11 04:06:02 -0800
Processing by BooksController#index as */*
  Parameters: {"book"=>{}}
  [1m[36mBook Load (0.0ms)[0m  [1m[34mSELECT "books".* FROM "books"[0m
[active_model_serializers] Rendered ActiveModel::Serializer::CollectionSerializer with ActiveModelSerializers::Adapter::Attributes (0.0ms)
Completed 200 OK in 4ms (Views: 3.5ms | ActiveRecord: 0.0ms)


